[2025-05-20T18:12:59.64 IST] INFO: 🚀 Server running on port 5000
[2025-05-20T18:12:59.66 IST] INFO: ✅ Redis connected
[2025-05-20T18:13:17.05 IST] INFO: Logout request for user ID: USRX2TX1D
[2025-05-20T18:13:17.05 IST] INFO: Refresh token deletion for user ID: USRX2TX1D - Success: false
[2025-05-20T18:13:17.05 IST] INFO: Access token blacklisted for user ID: USRX2TX1D
[2025-05-20T18:13:17.05 IST] INFO: Logout successful for user ID: USRX2TX1D
[2025-05-20T18:13:41.13 IST] INFO: Logout request for user ID: USRX2TX1D
[2025-05-20T18:13:41.13 IST] INFO: Refresh token deletion for user ID: USRX2TX1D - Success: true
[2025-05-20T18:13:41.13 IST] INFO: Access token blacklisted for user ID: USRX2TX1D
[2025-05-20T18:13:41.13 IST] INFO: Logout successful for user ID: USRX2TX1D
[2025-05-20T18:19:51.75 IST] INFO: 🚀 Server running on port 5000
[2025-05-20T18:19:51.77 IST] INFO: ✅ Redis connected
[2025-05-20T18:33:19.16 IST] INFO: 🚀 Server running on port 5000
[2025-05-20T18:33:19.18 IST] INFO: ✅ Redis connected
[2025-05-20T18:40:01.78 IST] INFO: 🚀 Server running on port 5000
[2025-05-20T18:40:01.81 IST] INFO: ✅ Redis connected
[2025-05-20T18:43:06.72 IST] WARN: User deleted successfully: USR1J4Y04
[2025-05-20T18:43:06.73 IST] INFO: Refresh token deleted for user ID: USR1J4Y04
[2025-05-20T18:43:06.73 IST] INFO: Access token blacklisted for user ID: USR1J4Y04
[2025-05-20T18:43:11.10 IST] WARN: User deletion failed: USR1J4Y04
[2025-05-20T18:43:13.41 IST] WARN: User deletion failed: USR1J4Y04
[2025-05-20T18:45:16.81 IST] INFO: 🚀 Server running on port 5000
[2025-05-20T18:45:16.83 IST] INFO: ✅ Redis connected
[2025-05-20T19:07:18.32 IST] INFO: 🚀 Server running on port 5000
[2025-05-20T19:07:18.35 IST] INFO: ✅ Redis connected
[2025-05-20T19:08:06.71 IST] INFO: 🚀 Server running on port 5000
[2025-05-20T19:08:06.73 IST] INFO: ✅ Redis connected
[2025-05-20T19:09:09.69 IST] INFO: 🚀 Server running on port 5000
[2025-05-20T19:09:09.72 IST] INFO: ✅ Redis connected
[2025-05-20T19:09:23.11 IST] INFO: User deletion endpoint initialized
[2025-05-20T19:09:23.13 IST] INFO: 🚀 Server running on port 5000
[2025-05-20T19:09:23.14 IST] INFO: ✅ Redis connected
[2025-05-20T19:09:28.47 IST] INFO: 🚀 Server running on port 5000
[2025-05-20T19:09:28.49 IST] INFO: ✅ Redis connected
[2025-05-20T19:09:30.46 IST] INFO: 🚀 Server running on port 5000
[2025-05-20T19:09:30.49 IST] INFO: ✅ Redis connected
[2025-05-20T19:09:35.67 IST] INFO: 🚀 Server running on port 5000
[2025-05-20T19:09:35.69 IST] INFO: ✅ Redis connected
[2025-05-20T21:08:44.40 IST] INFO: 🚀 Server running on port 5000
[2025-05-20T21:08:44.42 IST] INFO: ✅ Redis connected
[2025-05-20T21:53:27.25 IST] INFO: 🚀 Server running on port 5000
[2025-05-20T21:53:27.27 IST] INFO: ✅ Redis connected
[2025-05-20T21:53:36.21 IST] INFO: Register attempt for username, mail address: test4@gmail.com
[2025-05-20T21:54:09.35 IST] INFO: Profile request for mail ID: undefined
[2025-05-20T21:55:23.95 IST] INFO: Logout request for user ID: USRX2TX1D
[2025-05-20T21:55:23.95 IST] INFO: Refresh token deletion for user ID: USRX2TX1D - Success: true
[2025-05-20T21:55:23.95 IST] INFO: Access token blacklisted for user ID: USRX2TX1D
[2025-05-20T21:55:23.95 IST] INFO: Logout successful for user ID: USRX2TX1D
[2025-05-21T21:42:48.17 IST] INFO: 🚀 Server running on port 5000
[2025-05-21T21:42:48.20 IST] INFO: ✅ Redis connected
[2025-05-21T21:43:02.10 IST] INFO: Register attempt for username, mail address: test4@gmail.com
[2025-05-22T18:23:13.69 IST] INFO: Server running on port 5000
[2025-05-22T18:23:13.75 IST] INFO: ✅ Redis connected
